<?xml version="1.0" encoding="UTF-8"?>
<!-- Generated by org.testng.reporters.JUnitXMLReporter -->
<testsuite hostname="DELL-PC" ignored="0" name="Test" tests="1" failures="1" timestamp="21 Jul 2020 11:05:49 GMT" time="29.645" errors="0">
  <testcase name="logintest" time="23.693" classname="Com.bank.testcase.TC_001Login">
    <failure type="java.lang.AssertionError" message="expected [true] but found [false]">
      <![CDATA[java.lang.AssertionError: expected [true] but found [false]
at Com.bank.testcase.TC_001Login.logintest(TC_001Login.java:38)
... Removed 33 stack frames]]>
    </failure>
  </testcase> <!-- logintest -->
</testsuite> <!-- Test -->
