-------------------------------------------------------------------------------
Test set: TestSuite
-------------------------------------------------------------------------------
Tests run: 1, Failures: 1, Errors: 0, Skipped: 0, Time elapsed: 30.568 s <<< FAILURE! - in TestSuite
logintest(Com.bank.testcase.TC_001Login)  Time elapsed: 23.709 s  <<< FAILURE!
java.lang.AssertionError: expected [true] but found [false]
	at Com.bank.testcase.TC_001Login.logintest(TC_001Login.java:38)

